android/build/outputs/logs/manifest-merger-debug-report.txt
-- Merging decision tree log ---
manifest
ADDED from android\AndroidManifest.xml:2:1-29:12
	package
		ADDED from android\AndroidManifest.xml:3:5-29
		INJECTED from android\AndroidManifest.xml
		INJECTED from android\AndroidManifest.xml
	android:versionName
		ADDED from android\AndroidManifest.xml:5:5-30
		INJECTED from android\AndroidManifest.xml
		INJECTED from android\AndroidManifest.xml
	android:versionCode
		ADDED from android\AndroidManifest.xml:4:5-28
		INJECTED from android\AndroidManifest.xml
		INJECTED from android\AndroidManifest.xml
	xmlns:android
		ADDED from android\AndroidManifest.xml:2:11-69
uses-permission#android.permission.WRITE_EXTERNAL_STORAGE
ADDED from android\AndroidManifest.xml:7:5-80
	android:name
		ADDED from android\AndroidManifest.xml:7:22-78
uses-permission#android.permission.READ_EXTERNAL_STORAGE
ADDED from android\AndroidManifest.xml:8:5-79
	android:name
		ADDED from android\AndroidManifest.xml:8:22-77
uses-sdk
ADDED from android\AndroidManifest.xml:10:5-73
	android:targetSdkVersion
		ADDED from android\AndroidManifest.xml:10:41-70
		INJECTED from android\AndroidManifest.xml
		INJECTED from android\AndroidManifest.xml
	android:minSdkVersion
		ADDED from android\AndroidManifest.xml:10:15-40
		INJECTED from android\AndroidManifest.xml
		INJECTED from android\AndroidManifest.xml
application
ADDED from android\AndroidManifest.xml:12:5-27:19
	android:label
		ADDED from android\AndroidManifest.xml:15:9-41
	android:allowBackup
		ADDED from android\AndroidManifest.xml:13:9-35
	android:icon
		ADDED from android\AndroidManifest.xml:14:9-45
	android:theme
		ADDED from android\AndroidManifest.xml:16:9-40
activity#com.mygdx.game.AndroidLauncher
ADDED from android\AndroidManifest.xml:17:9-26:20
	android:screenOrientation
		ADDED from android\AndroidManifest.xml:20:13-49
	android:label
		ADDED from android\AndroidManifest.xml:19:13-45
	android:configChanges
		ADDED from android\AndroidManifest.xml:21:13-83
	android:name
		ADDED from android\AndroidManifest.xml:18:13-58
intent-filter#android.intent.action.MAIN+android.intent.category.LAUNCHER
ADDED from android\AndroidManifest.xml:22:13-25:29
action#android.intent.action.MAIN
ADDED from android\AndroidManifest.xml:23:17-69
	android:name
		ADDED from android\AndroidManifest.xml:23:25-66
category#android.intent.category.LAUNCHER
ADDED from android\AndroidManifest.xml:24:17-77
	android:name
		ADDED from android\AndroidManifest.xml:24:27-74